<?xml version="1.0" encoding="UTF-8"?>
<testng-results ignored="0" total="3" passed="2" failed="1" skipped="0">
  <reporter-output>
  </reporter-output>
  <suite started-at="2023-07-18T23:33:47 IST" name="Default suite" finished-at="2023-07-18T23:34:27 IST" duration-ms="40076">
    <groups>
    </groups>
    <test started-at="2023-07-18T23:33:47 IST" name="Default test" finished-at="2023-07-18T23:34:27 IST" duration-ms="40076">
      <class name="Html.ExtentReoprt.ExtentReportwithTestng">
        <test-method is-config="true" signature="configReport()[pri:0, instance:Html.ExtentReoprt.ExtentReportwithTestng@4f80542f]" started-at="2023-07-18T23:33:47 IST" name="configReport" finished-at="2023-07-18T23:33:47 IST" duration-ms="369" status="PASS">
          <reporter-output>
          </reporter-output>
        </test-method> <!-- configReport -->
        <test-method is-config="true" signature="launchBrowser()[pri:0, instance:Html.ExtentReoprt.ExtentReportwithTestng@4f80542f]" started-at="2023-07-18T23:33:47 IST" name="launchBrowser" finished-at="2023-07-18T23:33:52 IST" duration-ms="4854" status="PASS">
          <reporter-output>
          </reporter-output>
        </test-method> <!-- launchBrowser -->
        <test-method signature="launchBrowserandLoginAmazon()[pri:0, instance:Html.ExtentReoprt.ExtentReportwithTestng@4f80542f]" started-at="2023-07-18T23:33:52 IST" name="launchBrowserandLoginAmazon" finished-at="2023-07-18T23:34:06 IST" duration-ms="14315" status="FAIL">
          <exception class="java.lang.AssertionError">
            <message>
              <![CDATA[An error occurred during login: no such element: Unable to locate element: {"method":"xpath","selector":"//span[normalize-space(text())="Kaladhungi 26313‌9"]"}
  (Session info: chrome=114.0.5735.199)
For documentation on this error, please visit: http://seleniumhq.org/exceptions/no_such_element.html
Build info: version: '3.12.0', revision: '7c6e0b3', time: '2018-05-08T14:04:26.12Z'
System info: host: 'DESKTOP-3CNBKPE', ip: '192.168.164.9', os.name: 'Windows 10', os.arch: 'amd64', os.version: '10.0', java.version: '17.0.3'
Driver info: org.openqa.selenium.chrome.ChromeDriver
Capabilities {acceptInsecureCerts: false, browserName: chrome, browserVersion: 114.0.5735.199, chrome: {chromedriverVersion: 114.0.5735.90 (386bc09e8f4f..., userDataDir: C:\Users\Lenovo\AppData\Loc...}, goog:chromeOptions: {debuggerAddress: localhost:53774}, javascriptEnabled: true, networkConnectionEnabled: false, pageLoadStrategy: normal, platform: WINDOWS, platformName: WINDOWS, proxy: Proxy(), setWindowRect: true, strictFileInteractability: false, timeouts: {implicit: 0, pageLoad: 300000, script: 30000}, unhandledPromptBehavior: dismiss and notify, webauthn:extension:credBlob: true, webauthn:extension:largeBlob: true, webauthn:extension:minPinLength: true, webauthn:extension:prf: true, webauthn:virtualAuthenticators: true}
Session ID: d14d8268971274cedf69fa97fb161de1
*** Element info: {Using=xpath, value=//span[normalize-space(text())="Kaladhungi 26313‌9"]}]]>
            </message>
            <full-stacktrace>
              <![CDATA[java.lang.AssertionError: An error occurred during login: no such element: Unable to locate element: {"method":"xpath","selector":"//span[normalize-space(text())="Kaladhungi 26313‌9"]"}
  (Session info: chrome=114.0.5735.199)
For documentation on this error, please visit: http://seleniumhq.org/exceptions/no_such_element.html
Build info: version: '3.12.0', revision: '7c6e0b3', time: '2018-05-08T14:04:26.12Z'
System info: host: 'DESKTOP-3CNBKPE', ip: '192.168.164.9', os.name: 'Windows 10', os.arch: 'amd64', os.version: '10.0', java.version: '17.0.3'
Driver info: org.openqa.selenium.chrome.ChromeDriver
Capabilities {acceptInsecureCerts: false, browserName: chrome, browserVersion: 114.0.5735.199, chrome: {chromedriverVersion: 114.0.5735.90 (386bc09e8f4f..., userDataDir: C:\Users\Lenovo\AppData\Loc...}, goog:chromeOptions: {debuggerAddress: localhost:53774}, javascriptEnabled: true, networkConnectionEnabled: false, pageLoadStrategy: normal, platform: WINDOWS, platformName: WINDOWS, proxy: Proxy(), setWindowRect: true, strictFileInteractability: false, timeouts: {implicit: 0, pageLoad: 300000, script: 30000}, unhandledPromptBehavior: dismiss and notify, webauthn:extension:credBlob: true, webauthn:extension:largeBlob: true, webauthn:extension:minPinLength: true, webauthn:extension:prf: true, webauthn:virtualAuthenticators: true}
Session ID: d14d8268971274cedf69fa97fb161de1
*** Element info: {Using=xpath, value=//span[normalize-space(text())="Kaladhungi 26313‌9"]}
at org.testng.Assert.fail(Assert.java:110)
at Html.ExtentReoprt.ExtentReportwithTestng.launchBrowserandLoginAmazon(ExtentReportwithTestng.java:85)
at java.base/jdk.internal.reflect.NativeMethodAccessorImpl.invoke0(Native Method)
at java.base/jdk.internal.reflect.NativeMethodAccessorImpl.invoke(NativeMethodAccessorImpl.java:77)
at java.base/jdk.internal.reflect.DelegatingMethodAccessorImpl.invoke(DelegatingMethodAccessorImpl.java:43)
at java.base/java.lang.reflect.Method.invoke(Method.java:568)
at org.testng.internal.invokers.MethodInvocationHelper.invokeMethod(MethodInvocationHelper.java:139)
at org.testng.internal.invokers.TestInvoker.invokeMethod(TestInvoker.java:677)
at org.testng.internal.invokers.TestInvoker.invokeTestMethod(TestInvoker.java:221)
at org.testng.internal.invokers.MethodRunner.runInSequence(MethodRunner.java:50)
at org.testng.internal.invokers.TestInvoker$MethodInvocationAgent.invoke(TestInvoker.java:962)
at org.testng.internal.invokers.TestInvoker.invokeTestMethods(TestInvoker.java:194)
at org.testng.internal.invokers.TestMethodWorker.invokeTestMethods(TestMethodWorker.java:148)
at org.testng.internal.invokers.TestMethodWorker.run(TestMethodWorker.java:128)
at java.base/java.util.ArrayList.forEach(ArrayList.java:1511)
at org.testng.TestRunner.privateRun(TestRunner.java:806)
at org.testng.TestRunner.run(TestRunner.java:601)
at org.testng.SuiteRunner.runTest(SuiteRunner.java:433)
at org.testng.SuiteRunner.runSequentially(SuiteRunner.java:427)
at org.testng.SuiteRunner.privateRun(SuiteRunner.java:387)
at org.testng.SuiteRunner.run(SuiteRunner.java:330)
at org.testng.SuiteRunnerWorker.runSuite(SuiteRunnerWorker.java:52)
at org.testng.SuiteRunnerWorker.run(SuiteRunnerWorker.java:95)
at org.testng.TestNG.runSuitesSequentially(TestNG.java:1256)
at org.testng.TestNG.runSuitesLocally(TestNG.java:1176)
at org.testng.TestNG.runSuites(TestNG.java:1099)
at org.testng.TestNG.run(TestNG.java:1067)
at org.testng.remote.AbstractRemoteTestNG.run(AbstractRemoteTestNG.java:115)
at org.testng.remote.RemoteTestNG.initAndRun(RemoteTestNG.java:251)
at org.testng.remote.RemoteTestNG.main(RemoteTestNG.java:77)
]]>
            </full-stacktrace>
          </exception> <!-- java.lang.AssertionError -->
          <reporter-output>
          </reporter-output>
        </test-method> <!-- launchBrowserandLoginAmazon -->
        <test-method signature="verifyGoogle()[pri:1, instance:Html.ExtentReoprt.ExtentReportwithTestng@4f80542f]" started-at="2023-07-18T23:34:06 IST" name="verifyGoogle" finished-at="2023-07-18T23:34:16 IST" duration-ms="9761" status="PASS">
          <reporter-output>
          </reporter-output>
        </test-method> <!-- verifyGoogle -->
        <test-method signature="verifyGoogle2()[pri:2, instance:Html.ExtentReoprt.ExtentReportwithTestng@4f80542f]" started-at="2023-07-18T23:34:16 IST" name="verifyGoogle2" finished-at="2023-07-18T23:34:27 IST" duration-ms="10495" status="PASS">
          <reporter-output>
          </reporter-output>
        </test-method> <!-- verifyGoogle2 -->
        <test-method is-config="true" signature="tearDown()[pri:0, instance:Html.ExtentReoprt.ExtentReportwithTestng@4f80542f]" started-at="2023-07-18T23:34:27 IST" name="tearDown" finished-at="2023-07-18T23:34:27 IST" duration-ms="576" status="PASS">
          <reporter-output>
          </reporter-output>
        </test-method> <!-- tearDown -->
        <test-method is-config="true" signature="closeReport()[pri:0, instance:Html.ExtentReoprt.ExtentReportwithTestng@4f80542f]" started-at="2023-07-18T23:34:29 IST" name="closeReport" finished-at="2023-07-18T23:34:29 IST" duration-ms="613" status="PASS">
          <reporter-output>
          </reporter-output>
        </test-method> <!-- closeReport -->
      </class> <!-- Html.ExtentReoprt.ExtentReportwithTestng -->
    </test> <!-- Default test -->
  </suite> <!-- Default suite -->
</testng-results>
